2023-04-18 20:07:21 INFO  Log:13 - **
2023-04-18 20:07:21 INFO  Log:14 - **
2023-04-18 20:07:21 INFO  Log:15 - **This is the beginning of my Test case**
2023-04-18 20:07:21 INFO  Log:33 - My test case is executing right now
2023-04-18 20:07:21 INFO  Log:37 - My test case might have some trivial issues
2023-04-18 20:07:27 INFO  Log:33 - This test case is about to get completed
2023-04-18 20:07:27 INFO  Log:22 - ######################################
2023-04-18 20:07:27 INFO  Log:23 - ######################################
2023-04-18 20:07:27 INFO  Log:24 - #################This test case is finished#####################
2023-04-18 20:07:30 INFO  Log:13 - **
2023-04-18 20:07:30 INFO  Log:14 - **
2023-04-18 20:07:30 INFO  Log:15 - **This is the beginning of my Test case**
2023-04-18 20:07:30 INFO  Log:33 - My test case is executing right now
2023-04-18 20:07:30 INFO  Log:37 - My test case might have some trivial issues
2023-04-18 20:07:38 INFO  Log:33 - This test case is about to get completed
2023-04-18 20:07:38 INFO  Log:22 - ######################################
2023-04-18 20:07:38 INFO  Log:23 - ######################################
2023-04-18 20:07:38 INFO  Log:24 - #################This test case is finished#####################
2023-05-13 11:27:53 INFO  Log:13 - **
2023-05-13 11:27:53 INFO  Log:14 - **
2023-05-13 11:27:53 INFO  Log:15 - **This is the beginning of my Test case**
2023-05-13 11:27:53 INFO  Log:33 - My test case is executing right now
2023-05-13 11:27:53 INFO  Log:37 - My test case might have some trivial issues
2023-05-13 11:27:55 INFO  Log:33 - This test case is about to get completed
2023-05-13 11:27:55 INFO  Log:22 - ######################################
2023-05-13 11:27:55 INFO  Log:23 - ######################################
2023-05-13 11:27:55 INFO  Log:24 - #################This test case is finished#####################
2023-05-13 11:44:14 INFO  Log:13 - **
2023-05-13 11:44:14 INFO  Log:14 - **
2023-05-13 11:44:14 INFO  Log:15 - **This is the beginning of my Test case**
2023-05-13 11:44:14 INFO  Log:33 - My test case is executing right now
2023-05-13 11:44:14 INFO  Log:37 - My test case might have some trivial issues
2023-05-13 11:44:15 INFO  Log:33 - This test case is about to get completed
2023-05-13 11:44:15 INFO  Log:22 - ######################################
2023-05-13 11:44:15 INFO  Log:23 - ######################################
2023-05-13 11:44:15 INFO  Log:24 - #################This test case is finished#####################
2023-05-13 11:56:01 INFO  Log:13 - **
2023-05-13 11:56:01 INFO  Log:14 - **
2023-05-13 11:56:01 INFO  Log:15 - **This is the beginning of my Test case**
2023-05-13 11:56:01 INFO  Log:33 - My test case is executing right now
2023-05-13 11:56:01 INFO  Log:37 - My test case might have some trivial issues
2023-05-13 11:56:14 INFO  Log:13 - **
2023-05-13 11:56:14 INFO  Log:14 - **
2023-05-13 11:56:14 INFO  Log:15 - **This is the beginning of my Test case**
2023-05-13 11:56:14 INFO  Log:33 - My test case is executing right now
2023-05-13 11:56:14 INFO  Log:37 - My test case might have some trivial issues
2023-05-13 11:56:15 INFO  Log:33 - This test case is about to get completed
2023-05-13 11:56:15 INFO  Log:22 - ######################################
2023-05-13 11:56:15 INFO  Log:23 - ######################################
2023-05-13 11:56:15 INFO  Log:24 - #################This test case is finished#####################
2023-05-13 11:56:45 INFO  Log:13 - **
2023-05-13 11:56:45 INFO  Log:14 - **
2023-05-13 11:56:45 INFO  Log:15 - **This is the beginning of my Test case**
2023-05-13 11:56:45 INFO  Log:33 - My test case is executing right now
2023-05-13 11:56:45 INFO  Log:37 - My test case might have some trivial issues
2023-05-13 11:56:46 INFO  Log:33 - This test case is about to get completed
2023-05-13 11:56:46 INFO  Log:22 - ######################################
2023-05-13 11:56:46 INFO  Log:23 - ######################################
2023-05-13 11:56:46 INFO  Log:24 - #################This test case is finished#####################
2023-05-13 13:07:05 INFO  Log:13 - **
2023-05-13 13:07:05 INFO  Log:14 - **
2023-05-13 13:07:05 INFO  Log:15 - **This is the beginning of my Test case**
2023-05-13 13:07:05 INFO  Log:33 - My test case is executing right now
2023-05-13 13:07:05 INFO  Log:37 - My test case might have some trivial issues
2023-05-13 13:07:16 INFO  Log:33 - This test case is about to get completed
2023-05-13 13:07:16 INFO  Log:22 - ######################################
2023-05-13 13:07:16 INFO  Log:23 - ######################################
2023-05-13 13:07:16 INFO  Log:24 - #################This test case is finished#####################
2023-05-27 13:13:39 INFO  Log:13 - **
2023-05-27 13:13:39 INFO  Log:14 - **
2023-05-27 13:13:39 INFO  Log:15 - **This is the beginning of my Test case**
2023-05-27 13:13:39 INFO  Log:33 - My test case is executing right now
2023-05-27 13:13:39 INFO  Log:37 - My test case might have some trivial issues
2023-05-30 20:39:51 INFO  Log:13 - **
2023-05-30 20:39:51 INFO  Log:14 - **
2023-05-30 20:39:51 INFO  Log:15 - **This is the beginning of my Test case**
2023-05-30 20:39:51 INFO  Log:33 - My test case is executing right now
2023-05-30 20:39:51 INFO  Log:37 - My test case might have some trivial issues
2023-05-30 20:40:58 INFO  Log:13 - **
2023-05-30 20:40:58 INFO  Log:14 - **
2023-05-30 20:40:58 INFO  Log:15 - **This is the beginning of my Test case**
2023-05-30 20:40:58 INFO  Log:33 - My test case is executing right now
2023-05-30 20:40:58 INFO  Log:37 - My test case might have some trivial issues
2023-05-30 20:41:08 INFO  Log:33 - This test case is about to get completed
2023-05-30 20:41:08 INFO  Log:22 - ######################################
2023-05-30 20:41:08 INFO  Log:23 - ######################################
2023-05-30 20:41:08 INFO  Log:24 - #################This test case is finished#####################
2023-05-30 21:12:58 INFO  Log:13 - **
2023-05-30 21:12:58 INFO  Log:14 - **
2023-05-30 21:12:58 INFO  Log:15 - **This is the beginning of my Test case**
2023-05-30 21:12:58 INFO  Log:33 - My test case is executing right now
2023-05-30 21:12:58 INFO  Log:37 - My test case might have some trivial issues
2023-05-30 21:13:08 INFO  Log:33 - This test case is about to get completed
2023-05-30 21:13:08 INFO  Log:22 - ######################################
2023-05-30 21:13:08 INFO  Log:23 - ######################################
2023-05-30 21:13:08 INFO  Log:24 - #################This test case is finished#####################
